<?xml version="1.0" encoding="UTF-8"?>
<!-- Generated by org.testng.reporters.JUnitXMLReporter -->
<testsuite hostname="IND-ALOHA2" ignored="0" name="Default test" tests="6" failures="0" timestamp="2019-09-20T13:14:58 IST" time="25.188" errors="0">
  <testcase name="VerifyLogin" time="4.676" classname="Login.LoginToMakeMyTrip"/>
  <testcase name="SelectFromAndToOnLoginPage" time="10.528" classname="Login.LoginToMakeMyTrip"/>
  <testcase name="SelectDepartureDate" time="2.033" classname="Login.LoginToMakeMyTrip"/>
  <testcase name="SelectReturnDate" time="0.719" classname="Login.LoginToMakeMyTrip"/>
  <testcase name="SearchFlights" time="6.736" classname="Login.LoginToMakeMyTrip"/>
  <testcase name="CloseTest" time="0.423" classname="Login.LoginToMakeMyTrip"/>
</testsuite> <!-- Default test -->
