<?xml version="1.0" encoding="UTF-8"?>
<!-- Generated by org.testng.reporters.JUnitXMLReporter -->
<testsuite hostname="IND-ALOHA2" ignored="0" name="LoginTest" tests="6" failures="0" timestamp="2019-09-18T17:28:49 IST" time="26.462" errors="0">
  <testcase name="VerifyLogin" time="8.712" classname="Login.LoginToMakeMyTrip"/>
  <testcase name="VerifyLogin" time="8.941" classname="Login.LoginToMakeMyTrip"/>
  <testcase name="SelectFromAndToOnLoginPage" time="8.742" classname="Login.LoginToMakeMyTrip"/>
  <testcase name="SelectFromAndToOnLoginPage" time="13.49" classname="Login.LoginToMakeMyTrip"/>
  <testcase name="SelectDepartureDate" time="5.258" classname="Login.LoginToMakeMyTrip"/>
  <testcase name="CloseTest" time="3.685" classname="Login.LoginToMakeMyTrip"/>
</testsuite> <!-- LoginTest -->
