<?xml version="1.0" encoding="UTF-8"?>
<testng-results skipped="0" failed="0" ignored="0" total="6" passed="6">
  <reporter-output>
  </reporter-output>
  <suite name="Default suite" duration-ms="25188" started-at="2019-09-20T13:14:32 IST" finished-at="2019-09-20T13:14:58 IST">
    <groups>
    </groups>
    <test name="Default test" duration-ms="25188" started-at="2019-09-20T13:14:32 IST" finished-at="2019-09-20T13:14:58 IST">
      <class name="Login.LoginToMakeMyTrip">
        <test-method status="PASS" signature="VerifyLogin()[pri:1, instance:Login.LoginToMakeMyTrip@383dc82c]" name="VerifyLogin" duration-ms="4676" started-at="2019-09-20T13:14:33 IST" finished-at="2019-09-20T13:14:37 IST">
          <reporter-output>
          </reporter-output>
        </test-method> <!-- VerifyLogin -->
        <test-method status="PASS" signature="SelectFromAndToOnLoginPage()[pri:2, instance:Login.LoginToMakeMyTrip@383dc82c]" name="SelectFromAndToOnLoginPage" duration-ms="10528" started-at="2019-09-20T13:14:37 IST" finished-at="2019-09-20T13:14:48 IST">
          <reporter-output>
          </reporter-output>
        </test-method> <!-- SelectFromAndToOnLoginPage -->
        <test-method status="PASS" signature="SelectDepartureDate()[pri:3, instance:Login.LoginToMakeMyTrip@383dc82c]" name="SelectDepartureDate" duration-ms="2033" started-at="2019-09-20T13:14:48 IST" finished-at="2019-09-20T13:14:50 IST">
          <reporter-output>
          </reporter-output>
        </test-method> <!-- SelectDepartureDate -->
        <test-method status="PASS" signature="SelectReturnDate()[pri:4, instance:Login.LoginToMakeMyTrip@383dc82c]" name="SelectReturnDate" duration-ms="719" started-at="2019-09-20T13:14:50 IST" finished-at="2019-09-20T13:14:51 IST">
          <reporter-output>
          </reporter-output>
        </test-method> <!-- SelectReturnDate -->
        <test-method status="PASS" signature="SearchFlights()[pri:5, instance:Login.LoginToMakeMyTrip@383dc82c]" name="SearchFlights" duration-ms="6736" started-at="2019-09-20T13:14:51 IST" finished-at="2019-09-20T13:14:57 IST">
          <reporter-output>
          </reporter-output>
        </test-method> <!-- SearchFlights -->
        <test-method status="PASS" signature="CloseTest()[pri:6, instance:Login.LoginToMakeMyTrip@383dc82c]" name="CloseTest" duration-ms="423" started-at="2019-09-20T13:14:57 IST" finished-at="2019-09-20T13:14:58 IST">
          <reporter-output>
          </reporter-output>
        </test-method> <!-- CloseTest -->
      </class> <!-- Login.LoginToMakeMyTrip -->
    </test> <!-- Default test -->
  </suite> <!-- Default suite -->
</testng-results>
